<?xml version="1.0" encoding="UTF-8"?>
<!-- Generated by org.testng.reporters.JUnitReportReporter -->
<testsuite skipped="0" hostname="LAPTOP-E9DP2LG2" name="com.syntax.testcases.AddLocationPageTest" tests="3" failures="0" timestamp="14 Jun 2019 19:54:10 GMT" time="39.928" errors="0">
  <testcase name="addEmployee" time="13.128" classname="com.syntax.testcases.AddLocationPageTest"/>
  <testcase name="addEmployee" time="13.428" classname="com.syntax.testcases.AddLocationPageTest"/>
  <testcase name="addEmployee" time="13.372" classname="com.syntax.testcases.AddLocationPageTest"/>
</testsuite> <!-- com.syntax.testcases.AddLocationPageTest -->
