<?xml version="1.0" encoding="UTF-8"?>
<!-- Generated by org.testng.reporters.JUnitReportReporter -->
<testsuite skipped="0" hostname="LAPTOP-E9DP2LG2" name="com.syntax.testcases.AddEmployeePageTest" tests="1" failures="0" timestamp="11 Jun 2019 02:31:17 GMT" time="18.477" errors="0">
  <testcase name="addEmployee" time="18.477" classname="com.syntax.testcases.AddEmployeePageTest"/>
</testsuite> <!-- com.syntax.testcases.AddEmployeePageTest -->
