<?xml version="1.0" encoding="UTF-8"?>
<!-- Generated by org.testng.reporters.JUnitReportReporter -->
<testsuite skipped="0" hostname="LAPTOP-E9DP2LG2" name="com.syntax.testcases.AddLocationPateTestWithExcel" tests="5" failures="0" timestamp="15 Jun 2019 13:32:48 GMT" time="68.076" errors="0">
  <testcase name="addEmployee" time="13.063" classname="com.syntax.testcases.AddLocationPateTestWithExcel"/>
  <testcase name="addEmployee" time="14.315" classname="com.syntax.testcases.AddLocationPateTestWithExcel"/>
  <testcase name="addEmployee" time="13.858" classname="com.syntax.testcases.AddLocationPateTestWithExcel"/>
  <testcase name="addEmployee" time="13.354" classname="com.syntax.testcases.AddLocationPateTestWithExcel"/>
  <testcase name="addEmployee" time="13.486" classname="com.syntax.testcases.AddLocationPateTestWithExcel"/>
</testsuite> <!-- com.syntax.testcases.AddLocationPateTestWithExcel -->
