<?xml version="1.0" encoding="UTF-8"?>
<!-- Generated by org.testng.reporters.JUnitReportReporter -->
<testsuite skipped="2" hostname="LAPTOP-E9DP2LG2" name="com.syntax.testcases.LoginPageTest" tests="3" failures="0" timestamp="09 Jun 2019 18:28:41 GMT" time="7.517" errors="0">
  <testcase name="negativeLogin" time="7.517" classname="com.syntax.testcases.LoginPageTest"/>
  <testcase name="doLogin" classname="com.syntax.testcases.LoginPageTest">
    <skipped/>
  </testcase> <!-- doLogin -->
  <testcase name="loginToOrangeHRM" classname="com.syntax.testcases.LoginPageTest">
    <skipped/>
  </testcase> <!-- loginToOrangeHRM -->
</testsuite> <!-- com.syntax.testcases.LoginPageTest -->
