<?xml version="1.0" encoding="UTF-8"?>
<!-- Generated by org.testng.reporters.JUnitReportReporter -->
<testsuite skipped="0" hostname="LAPTOP-E9DP2LG2" name="com.syntax.practice.ExcelReview" tests="1" failures="0" timestamp="15 Jun 2019 14:57:05 GMT" time="0.557" errors="0">
  <testcase name="readExcel" time="0.557" classname="com.syntax.practice.ExcelReview"/>
</testsuite> <!-- com.syntax.practice.ExcelReview -->
