<?xml version="1.0" encoding="UTF-8"?>
<!-- Generated by org.testng.reporters.JUnitReportReporter -->
<testsuite skipped="0" hostname="LAPTOP-E9DP2LG2" name="com.syntax.testcases.ExcelDemo" tests="1" failures="0" timestamp="14 Jun 2019 13:59:13 GMT" time="0.492" errors="0">
  <testcase name="readExcel" time="0.492" classname="com.syntax.testcases.ExcelDemo"/>
</testsuite> <!-- com.syntax.testcases.ExcelDemo -->
