<?xml version="1.0" encoding="UTF-8"?>
<!-- Generated by org.testng.reporters.JUnitReportReporter -->
<testsuite skipped="0" hostname="LAPTOP-E9DP2LG2" name="com.syntax.testcases.AddEmployeePageTest3" tests="3" failures="0" timestamp="14 Jun 2019 17:25:00 GMT" time="39.880" errors="0">
  <testcase name="addEmployee" time="13.193" classname="com.syntax.testcases.AddEmployeePageTest3"/>
  <testcase name="addEmployee" time="13.241" classname="com.syntax.testcases.AddEmployeePageTest3"/>
  <testcase name="addEmployee" time="13.446" classname="com.syntax.testcases.AddEmployeePageTest3"/>
</testsuite> <!-- com.syntax.testcases.AddEmployeePageTest3 -->
