<?xml version="1.0" encoding="UTF-8"?>
<!-- Generated by org.testng.reporters.JUnitReportReporter -->
<testsuite skipped="0" hostname="LAPTOP-E9DP2LG2" name="com.syntax.testcases.AddEmployeePageTest2" tests="1" failures="0" timestamp="14 Jun 2019 18:30:53 GMT" time="25.693" errors="0">
  <testcase name="addEmployee" time="25.693" classname="com.syntax.testcases.AddEmployeePageTest2"/>
</testsuite> <!-- com.syntax.testcases.AddEmployeePageTest2 -->
