<?xml version="1.0" encoding="UTF-8"?>
<!-- Generated by org.testng.reporters.JUnitReportReporter -->
<testsuite skipped="0" hostname="LAPTOP-E9DP2LG2" name="com.syntax.testcases.AddEmployeePageTest" tests="1" failures="0" timestamp="10 Jun 2019 02:07:19 GMT" time="20.365" errors="0">
  <testcase name="addEmployee" time="20.365" classname="com.syntax.testcases.AddEmployeePageTest"/>
</testsuite> <!-- com.syntax.testcases.AddEmployeePageTest -->
