<?xml version="1.0" encoding="UTF-8"?>
<!-- Generated by org.testng.reporters.JUnitReportReporter -->
<testsuite skipped="0" hostname="LAPTOP-E9DP2LG2" name="com.syntax.testcases.AddEmployeePageTest2" tests="1" failures="0" timestamp="12 Jun 2019 03:12:22 GMT" time="26.028" errors="0">
  <testcase name="addEmployee" time="26.028" classname="com.syntax.testcases.AddEmployeePageTest2"/>
</testsuite> <!-- com.syntax.testcases.AddEmployeePageTest2 -->
