<?xml version="1.0" encoding="UTF-8"?>
<!-- Generated by org.testng.reporters.JUnitReportReporter -->
<testsuite skipped="0" hostname="LAPTOP-E9DP2LG2" name="com.syntax.testcases.AddEmployeePageTest4" tests="10" failures="0" timestamp="14 Jun 2019 23:39:24 GMT" time="131.541" errors="0">
  <testcase name="addEmployee" time="13.137" classname="com.syntax.testcases.AddEmployeePageTest4"/>
  <testcase name="addEmployee" time="13.379" classname="com.syntax.testcases.AddEmployeePageTest4"/>
  <testcase name="addEmployee" time="14.421" classname="com.syntax.testcases.AddEmployeePageTest4"/>
  <testcase name="addEmployee" time="12.828" classname="com.syntax.testcases.AddEmployeePageTest4"/>
  <testcase name="addEmployee" time="12.713" classname="com.syntax.testcases.AddEmployeePageTest4"/>
  <testcase name="addEmployee" time="12.577" classname="com.syntax.testcases.AddEmployeePageTest4"/>
  <testcase name="addEmployee" time="13.269" classname="com.syntax.testcases.AddEmployeePageTest4"/>
  <testcase name="addEmployee" time="13.088" classname="com.syntax.testcases.AddEmployeePageTest4"/>
  <testcase name="addEmployee" time="13.104" classname="com.syntax.testcases.AddEmployeePageTest4"/>
  <testcase name="addEmployee" time="13.025" classname="com.syntax.testcases.AddEmployeePageTest4"/>
</testsuite> <!-- com.syntax.testcases.AddEmployeePageTest4 -->
