<?xml version="1.0" encoding="UTF-8"?>
<!-- Generated by org.testng.reporters.JUnitReportReporter -->
<testsuite skipped="0" hostname="LAPTOP-E9DP2LG2" name="com.syntax.testcases.AddEmployeePageTest4" tests="10" failures="0" timestamp="16 Jun 2019 15:21:47 GMT" time="149.861" errors="0">
  <testcase name="addEmployee" time="15.450" classname="com.syntax.testcases.AddEmployeePageTest4"/>
  <testcase name="addEmployee" time="14.368" classname="com.syntax.testcases.AddEmployeePageTest4"/>
  <testcase name="addEmployee" time="14.905" classname="com.syntax.testcases.AddEmployeePageTest4"/>
  <testcase name="addEmployee" time="15.285" classname="com.syntax.testcases.AddEmployeePageTest4"/>
  <testcase name="addEmployee" time="15.133" classname="com.syntax.testcases.AddEmployeePageTest4"/>
  <testcase name="addEmployee" time="14.933" classname="com.syntax.testcases.AddEmployeePageTest4"/>
  <testcase name="addEmployee" time="15.091" classname="com.syntax.testcases.AddEmployeePageTest4"/>
  <testcase name="addEmployee" time="14.544" classname="com.syntax.testcases.AddEmployeePageTest4"/>
  <testcase name="addEmployee" time="15.019" classname="com.syntax.testcases.AddEmployeePageTest4"/>
  <testcase name="addEmployee" time="15.133" classname="com.syntax.testcases.AddEmployeePageTest4"/>
</testsuite> <!-- com.syntax.testcases.AddEmployeePageTest4 -->
