<?xml version="1.0" encoding="UTF-8"?>
<!-- Generated by org.testng.reporters.JUnitReportReporter -->
<testsuite skipped="0" hostname="LAPTOP-E9DP2LG2" name="com.syntax.practice.ExcelFunctionsTest" tests="1" failures="0" timestamp="15 Jun 2019 17:34:53 GMT" time="0.666" errors="0">
  <testcase name="excelTest" time="0.666" classname="com.syntax.practice.ExcelFunctionsTest"/>
</testsuite> <!-- com.syntax.practice.ExcelFunctionsTest -->
